#
# There is insufficient memory for the Java Runtime Environment to continue.
# Native memory allocation (malloc) failed to allocate 1269056 bytes for Chunk::new
# Possible reasons:
#   The system is out of physical RAM or swap space
#   In 32 bit mode, the process size limit was hit
# Possible solutions:
#   Reduce memory load on the system
#   Increase physical memory or swap space
#   Check if swap backing store is full
#   Use 64 bit Java on a 64 bit OS
#   Decrease Java heap size (-Xmx/-Xms)
#   Decrease number of Java threads
#   Decrease Java thread stack sizes (-Xss)
#   Set larger code cache with -XX:ReservedCodeCacheSize=
# This output file may be truncated or incomplete.
#
#  Out of Memory Error (allocation.cpp:390), pid=10632, tid=12028
#
# JRE version: Java(TM) SE Runtime Environment (8.0_45-b15) (build 1.8.0_45-b15)
# Java VM: Java HotSpot(TM) 64-Bit Server VM (25.45-b02 mixed mode windows-amd64 compressed oops)
# Failed to write core dump. Minidumps are not enabled by default on client versions of Windows
#

---------------  T H R E A D  ---------------

Current thread (0x000000001694a800):  JavaThread "C2 CompilerThread0" daemon [_thread_in_native, id=12028, stack(0x0000000017e40000,0x0000000017f40000)]

Stack: [0x0000000017e40000,0x0000000017f40000]
Native frames: (J=compiled Java code, j=interpreted, Vv=VM code, C=native code)
V  [jvm.dll+0x32b57a]
V  [jvm.dll+0x279873]
V  [jvm.dll+0x27a509]
V  [jvm.dll+0x271825]
V  [jvm.dll+0xcb9e2]
V  [jvm.dll+0xcbeac]
V  [jvm.dll+0x476ef2]
V  [jvm.dll+0x4b955f]
V  [jvm.dll+0x46bf81]
V  [jvm.dll+0x46ccbe]
V  [jvm.dll+0x4500f2]
V  [jvm.dll+0xa4352]
V  [jvm.dll+0xa4c8f]
V  [jvm.dll+0x241984]
V  [jvm.dll+0x29853a]
C  [msvcr100.dll+0x21d9f]
C  [msvcr100.dll+0x21e3b]
C  [KERNEL32.DLL+0x8364]
C  [ntdll.dll+0x670d1]


Current CompileTask:
C2:  50940 11026 % !   4       com.android.ide.common.res2.DataMerger::mergeData @ 239 (603 bytes)


---------------  P R O C E S S  ---------------

Java Threads: ( => current thread )
  0x0000000019a9f800 JavaThread "stdout" daemon [_thread_in_native, id=2796, stack(0x00000000239d0000,0x0000000023ad0000)]
  0x0000000019a9f000 JavaThread "stderr" daemon [_thread_in_native, id=2804, stack(0x00000000238d0000,0x00000000239d0000)]
  0x0000000019aa2800 JavaThread "stdout" daemon [_thread_in_native, id=8240, stack(0x00000000237d0000,0x00000000238d0000)]
  0x0000000019a9b000 JavaThread "stderr" daemon [_thread_in_native, id=2828, stack(0x00000000236d0000,0x00000000237d0000)]
  0x0000000019a9c800 JavaThread "stdout" daemon [_thread_in_native, id=8356, stack(0x00000000234d0000,0x00000000235d0000)]
  0x0000000019aa1000 JavaThread "stderr" daemon [_thread_in_native, id=12056, stack(0x00000000233d0000,0x00000000234d0000)]
  0x0000000019aa0800 JavaThread "stdout" daemon [_thread_in_native, id=6904, stack(0x00000000232d0000,0x00000000233d0000)]
  0x0000000019a9e000 JavaThread "stderr" daemon [_thread_in_native, id=5088, stack(0x00000000231d0000,0x00000000232d0000)]
  0x0000000019a9a000 JavaThread "stdout" daemon [_thread_in_native, id=11280, stack(0x00000000230d0000,0x00000000231d0000)]
  0x0000000019a9b800 JavaThread "stderr" daemon [_thread_in_native, id=4896, stack(0x0000000022fd0000,0x00000000230d0000)]
  0x000000001dd9b800 JavaThread "png-cruncher_5" daemon [_thread_blocked, id=5000, stack(0x0000000022ed0000,0x0000000022fd0000)]
  0x000000001dd9b000 JavaThread "png-cruncher_4" daemon [_thread_blocked, id=7928, stack(0x0000000021d20000,0x0000000021e20000)]
  0x000000001dd9a000 JavaThread "png-cruncher_3" daemon [_thread_blocked, id=6612, stack(0x0000000021c20000,0x0000000021d20000)]
  0x000000001dd99800 JavaThread "png-cruncher_2" daemon [_thread_blocked, id=8188, stack(0x0000000021b20000,0x0000000021c20000)]
  0x000000001dd9d000 JavaThread "png-cruncher_1" daemon [_thread_blocked, id=6008, stack(0x00000000217f0000,0x00000000218f0000)]
  0x000000001dd98800 JavaThread "pool-3-thread-4" [_thread_blocked, id=3916, stack(0x00000000216f0000,0x00000000217f0000)]
  0x000000001dd98000 JavaThread "pool-3-thread-3" [_thread_blocked, id=8840, stack(0x00000000215f0000,0x00000000216f0000)]
  0x000000001dd9e800 JavaThread "pool-3-thread-2" [_thread_blocked, id=6692, stack(0x0000000021230000,0x0000000021330000)]
  0x000000001dd9e000 JavaThread "pool-3-thread-1" [_thread_blocked, id=10532, stack(0x0000000020730000,0x0000000020830000)]
  0x000000001971f800 JavaThread "File lock request listener" [_thread_in_native, id=6224, stack(0x000000001d2b0000,0x000000001d3b0000)]
  0x0000000019070800 JavaThread "Stdin handler" [_thread_blocked, id=6364, stack(0x000000001ab00000,0x000000001ac00000)]
  0x000000001968e800 JavaThread "Asynchronous log dispatcher for org.gradle.launcher.daemon.server.DefaultDaemonConnection@9247d8d" [_thread_blocked, id=8044, stack(0x000000001aa00000,0x000000001ab00000)]
  0x0000000019685000 JavaThread "Daemon worker" [_thread_in_native, id=8340, stack(0x000000001a700000,0x000000001a800000)]
  0x0000000019681800 JavaThread "Cancel handler" [_thread_blocked, id=11812, stack(0x000000001a600000,0x000000001a700000)]
  0x000000001949f800 JavaThread "Handler for socket connection from /127.0.0.1:54106 to /127.0.0.1:54110" [_thread_in_native, id=7424, stack(0x000000001a500000,0x000000001a600000)]
  0x000000001949e800 JavaThread "Daemon" [_thread_blocked, id=2536, stack(0x000000001a400000,0x000000001a500000)]
  0x0000000019608000 JavaThread "Incoming local TCP Connector on port 54106" [_thread_in_native, id=5908, stack(0x000000001a100000,0x000000001a200000)]
  0x000000001945a000 JavaThread "pool-1-thread-1" [_thread_blocked, id=11676, stack(0x000000001a000000,0x000000001a100000)]
  0x0000000017fd2800 JavaThread "Service Thread" daemon [_thread_blocked, id=1444, stack(0x0000000018540000,0x0000000018640000)]
  0x0000000017f49000 JavaThread "C1 CompilerThread2" daemon [_thread_blocked, id=10192, stack(0x0000000018440000,0x0000000018540000)]
  0x000000001694d800 JavaThread "C2 CompilerThread1" daemon [_thread_in_native, id=268, stack(0x0000000018340000,0x0000000018440000)]
=>0x000000001694a800 JavaThread "C2 CompilerThread0" daemon [_thread_in_native, id=12028, stack(0x0000000017e40000,0x0000000017f40000)]
  0x0000000016949000 JavaThread "Attach Listener" daemon [_thread_blocked, id=5272, stack(0x0000000017d40000,0x0000000017e40000)]
  0x00000000168fe000 JavaThread "Signal Dispatcher" daemon [_thread_blocked, id=2540, stack(0x0000000017c40000,0x0000000017d40000)]
  0x0000000002f76000 JavaThread "Finalizer" daemon [_thread_blocked, id=3924, stack(0x0000000017b40000,0x0000000017c40000)]
  0x0000000002f6d000 JavaThread "Reference Handler" daemon [_thread_blocked, id=9316, stack(0x0000000017a40000,0x0000000017b40000)]
  0x0000000002a0d800 JavaThread "main" [_thread_blocked, id=9948, stack(0x0000000002d80000,0x0000000002e80000)]

Other Threads:
  0x00000000168b7800 VMThread [stack: 0x0000000017940000,0x0000000017a40000] [id=6996]
  0x0000000017fd4000 WatcherThread [stack: 0x0000000018640000,0x0000000018740000] [id=6324]

VM state:not at safepoint (normal execution)

VM Mutex/Monitor currently owned by a thread: None

Heap:
 PSYoungGen      total 158720K, used 47882K [0x00000000e0000000, 0x00000000ed200000, 0x0000000100000000)
  eden space 122880K, 20% used [0x00000000e0000000,0x00000000e183db38,0x00000000e7800000)
  from space 35840K, 64% used [0x00000000e7800000,0x00000000e8e84de8,0x00000000e9b00000)
  to   space 36352K, 0% used [0x00000000eae80000,0x00000000eae80000,0x00000000ed200000)
 ParOldGen       total 107008K, used 53211K [0x00000000a0000000, 0x00000000a6880000, 0x00000000e0000000)
  object space 107008K, 49% used [0x00000000a0000000,0x00000000a33f6f68,0x00000000a6880000)
 Metaspace       used 60678K, capacity 62896K, committed 63104K, reserved 1103872K
  class space    used 8107K, capacity 8566K, committed 8576K, reserved 1048576K

Card table byte_map: [0x0000000012340000,0x0000000012650000] byte_map_base: 0x0000000011e40000

Marking Bits: (ParMarkBitMap*) 0x000000005e454040
 Begin Bits: [0x0000000012c50000, 0x0000000014450000)
 End Bits:   [0x0000000014450000, 0x0000000015c50000)

Polling page: 0x00000000013e0000

CodeCache: size=245760Kb used=31870Kb max_used=31870Kb free=213889Kb
 bounds [0x0000000002f80000, 0x0000000004ed0000, 0x0000000011f80000]
 total_blobs=10164 nmethods=9409 adapters=665
 compilation: enabled

Compilation events (10 events):
Event: 50.433 Thread 0x0000000017f49000 11034   !   3       java.util.concurrent.ConcurrentHashMap::initTable (115 bytes)
Event: 50.433 Thread 0x0000000017f49000 nmethod 11034 0x0000000003e3f050 code [0x0000000003e3f1e0, 0x0000000003e3f728]
Event: 50.446 Thread 0x0000000017f49000 11035       3       java.io.OutputStreamWriter::<init> (30 bytes)
Event: 50.447 Thread 0x0000000017f49000 nmethod 11035 0x0000000003e3de10 code [0x0000000003e3e000, 0x0000000003e3ea98]
Event: 50.447 Thread 0x0000000017f49000 11036       3       sun.nio.cs.StreamEncoder::forOutputStreamWriter (11 bytes)
Event: 50.448 Thread 0x0000000017f49000 nmethod 11036 0x00000000049d1950 code [0x00000000049d1b00, 0x00000000049d2238]
Event: 50.480 Thread 0x0000000017f49000 11037   !   3       java.io.File::mkdirs (67 bytes)
Event: 50.481 Thread 0x0000000017f49000 nmethod 11037 0x00000000032a8290 code [0x00000000032a8560, 0x00000000032a9a28]
Event: 50.496 Thread 0x0000000017f49000 11038       3       com.google.common.cache.LocalCache$Segment::postWriteCleanup (5 bytes)
Event: 50.496 Thread 0x0000000017f49000 nmethod 11038 0x00000000049d1110 code [0x00000000049d12a0, 0x00000000049d17a8]

GC Heap History (10 events):
Event: 33.363 GC heap before
{Heap before GC invocations=16 (full 2):
 PSYoungGen      total 110592K, used 110564K [0x00000000e0000000, 0x00000000e9b80000, 0x0000000100000000)
  eden space 94208K, 100% used [0x00000000e0000000,0x00000000e5c00000,0x00000000e5c00000)
  from space 16384K, 99% used [0x00000000e5c00000,0x00000000e6bf9398,0x00000000e6c00000)
  to   space 23040K, 0% used [0x00000000e8500000,0x00000000e8500000,0x00000000e9b80000)
 ParOldGen       total 107008K, used 31872K [0x00000000a0000000, 0x00000000a6880000, 0x00000000e0000000)
  object space 107008K, 29% used [0x00000000a0000000,0x00000000a1f202f0,0x00000000a6880000)
 Metaspace       used 53255K, capacity 55250K, committed 55552K, reserved 1097728K
  class space    used 7180K, capacity 7618K, committed 7680K, reserved 1048576K
Event: 33.412 GC heap after
Heap after GC invocations=16 (full 2):
 PSYoungGen      total 130048K, used 23024K [0x00000000e0000000, 0x00000000ea680000, 0x0000000100000000)
  eden space 107008K, 0% used [0x00000000e0000000,0x00000000e0000000,0x00000000e6880000)
  from space 23040K, 99% used [0x00000000e8500000,0x00000000e9b7c070,0x00000000e9b80000)
  to   space 29184K, 0% used [0x00000000e6880000,0x00000000e6880000,0x00000000e8500000)
 ParOldGen       total 107008K, used 39523K [0x00000000a0000000, 0x00000000a6880000, 0x00000000e0000000)
  object space 107008K, 36% used [0x00000000a0000000,0x00000000a2698d60,0x00000000a6880000)
 Metaspace       used 53255K, capacity 55250K, committed 55552K, reserved 1097728K
  class space    used 7180K, capacity 7618K, committed 7680K, reserved 1048576K
}
Event: 40.841 GC heap before
{Heap before GC invocations=17 (full 2):
 PSYoungGen      total 130048K, used 130032K [0x00000000e0000000, 0x00000000ea680000, 0x0000000100000000)
  eden space 107008K, 100% used [0x00000000e0000000,0x00000000e6880000,0x00000000e6880000)
  from space 23040K, 99% used [0x00000000e8500000,0x00000000e9b7c070,0x00000000e9b80000)
  to   space 29184K, 0% used [0x00000000e6880000,0x00000000e6880000,0x00000000e8500000)
 ParOldGen       total 107008K, used 39523K [0x00000000a0000000, 0x00000000a6880000, 0x00000000e0000000)
  object space 107008K, 36% used [0x00000000a0000000,0x00000000a2698d60,0x00000000a6880000)
 Metaspace       used 54595K, capacity 56608K, committed 56704K, reserved 1097728K
  class space    used 7352K, capacity 7789K, committed 7808K, reserved 1048576K
Event: 40.874 GC heap after
Heap after GC invocations=17 (full 2):
 PSYoungGen      total 136192K, used 28033K [0x00000000e0000000, 0x00000000ebb80000, 0x0000000100000000)
  eden space 107008K, 0% used [0x00000000e0000000,0x00000000e0000000,0x00000000e6880000)
  from space 29184K, 96% used [0x00000000e6880000,0x00000000e83e0638,0x00000000e8500000)
  to   space 33280K, 0% used [0x00000000e9b00000,0x00000000e9b00000,0x00000000ebb80000)
 ParOldGen       total 107008K, used 39531K [0x00000000a0000000, 0x00000000a6880000, 0x00000000e0000000)
  object space 107008K, 36% used [0x00000000a0000000,0x00000000a269ad60,0x00000000a6880000)
 Metaspace       used 54595K, capacity 56608K, committed 56704K, reserved 1097728K
  class space    used 7352K, capacity 7789K, committed 7808K, reserved 1048576K
}
Event: 41.759 GC heap before
{Heap before GC invocations=18 (full 2):
 PSYoungGen      total 136192K, used 48706K [0x00000000e0000000, 0x00000000ebb80000, 0x0000000100000000)
  eden space 107008K, 19% used [0x00000000e0000000,0x00000000e1430498,0x00000000e6880000)
  from space 29184K, 96% used [0x00000000e6880000,0x00000000e83e0638,0x00000000e8500000)
  to   space 33280K, 0% used [0x00000000e9b00000,0x00000000e9b00000,0x00000000ebb80000)
 ParOldGen       total 107008K, used 39531K [0x00000000a0000000, 0x00000000a6880000, 0x00000000e0000000)
  object space 107008K, 36% used [0x00000000a0000000,0x00000000a269ad60,0x00000000a6880000)
 Metaspace       used 56964K, capacity 59050K, committed 59136K, reserved 1099776K
  class space    used 7709K, capacity 8178K, committed 8192K, reserved 1048576K
Event: 41.793 GC heap after
Heap after GC invocations=18 (full 2):
 PSYoungGen      total 156160K, used 25840K [0x00000000e0000000, 0x00000000ec980000, 0x0000000100000000)
  eden space 122880K, 0% used [0x00000000e0000000,0x00000000e0000000,0x00000000e7800000)
  from space 33280K, 77% used [0x00000000e9b00000,0x00000000eb43c0a0,0x00000000ebb80000)
  to   space 35840K, 0% used [0x00000000e7800000,0x00000000e7800000,0x00000000e9b00000)
 ParOldGen       total 107008K, used 39539K [0x00000000a0000000, 0x00000000a6880000, 0x00000000e0000000)
  object space 107008K, 36% used [0x00000000a0000000,0x00000000a269cd60,0x00000000a6880000)
 Metaspace       used 56964K, capacity 59050K, committed 59136K, reserved 1099776K
  class space    used 7709K, capacity 8178K, committed 8192K, reserved 1048576K
}
Event: 41.793 GC heap before
{Heap before GC invocations=19 (full 3):
 PSYoungGen      total 156160K, used 25840K [0x00000000e0000000, 0x00000000ec980000, 0x0000000100000000)
  eden space 122880K, 0% used [0x00000000e0000000,0x00000000e0000000,0x00000000e7800000)
  from space 33280K, 77% used [0x00000000e9b00000,0x00000000eb43c0a0,0x00000000ebb80000)
  to   space 35840K, 0% used [0x00000000e7800000,0x00000000e7800000,0x00000000e9b00000)
 ParOldGen       total 107008K, used 39539K [0x00000000a0000000, 0x00000000a6880000, 0x00000000e0000000)
  object space 107008K, 36% used [0x00000000a0000000,0x00000000a269cd60,0x00000000a6880000)
 Metaspace       used 56964K, capacity 59050K, committed 59136K, reserved 1099776K
  class space    used 7709K, capacity 8178K, committed 8192K, reserved 1048576K
Event: 42.244 GC heap after
Heap after GC invocations=19 (full 3):
 PSYoungGen      total 156160K, used 0K [0x00000000e0000000, 0x00000000ec980000, 0x0000000100000000)
  eden space 122880K, 0% used [0x00000000e0000000,0x00000000e0000000,0x00000000e7800000)
  from space 33280K, 0% used [0x00000000e9b00000,0x00000000e9b00000,0x00000000ebb80000)
  to   space 35840K, 0% used [0x00000000e7800000,0x00000000e7800000,0x00000000e9b00000)
 ParOldGen       total 107008K, used 53203K [0x00000000a0000000, 0x00000000a6880000, 0x00000000e0000000)
  object space 107008K, 49% used [0x00000000a0000000,0x00000000a33f4f68,0x00000000a6880000)
 Metaspace       used 56962K, capacity 59044K, committed 59136K, reserved 1099776K
  class space    used 7708K, capacity 8177K, committed 8192K, reserved 1048576K
}
Event: 50.039 GC heap before
{Heap before GC invocations=20 (full 3):
 PSYoungGen      total 156160K, used 122880K [0x00000000e0000000, 0x00000000ec980000, 0x0000000100000000)
  eden space 122880K, 100% used [0x00000000e0000000,0x00000000e7800000,0x00000000e7800000)
  from space 33280K, 0% used [0x00000000e9b00000,0x00000000e9b00000,0x00000000ebb80000)
  to   space 35840K, 0% used [0x00000000e7800000,0x00000000e7800000,0x00000000e9b00000)
 ParOldGen       total 107008K, used 53203K [0x00000000a0000000, 0x00000000a6880000, 0x00000000e0000000)
  object space 107008K, 49% used [0x00000000a0000000,0x00000000a33f4f68,0x00000000a6880000)
 Metaspace       used 60651K, capacity 62832K, committed 62848K, reserved 1103872K
  class space    used 8107K, capacity 8566K, committed 8576K, reserved 1048576K
Event: 50.063 GC heap after
Heap after GC invocations=20 (full 3):
 PSYoungGen      total 158720K, used 23059K [0x00000000e0000000, 0x00000000ed200000, 0x0000000100000000)
  eden space 122880K, 0% used [0x00000000e0000000,0x00000000e0000000,0x00000000e7800000)
  from space 35840K, 64% used [0x00000000e7800000,0x00000000e8e84de8,0x00000000e9b00000)
  to   space 36352K, 0% used [0x00000000eae80000,0x00000000eae80000,0x00000000ed200000)
 ParOldGen       total 107008K, used 53211K [0x00000000a0000000, 0x00000000a6880000, 0x00000000e0000000)
  object space 107008K, 49% used [0x00000000a0000000,0x00000000a33f6f68,0x00000000a6880000)
 Metaspace       used 60651K, capacity 62832K, committed 62848K, reserved 1103872K
  class space    used 8107K, capacity 8566K, committed 8576K, reserved 1048576K
}

Deoptimization events (10 events):
Event: 47.950 Thread 0x0000000019685000 Uncommon trap: reason=class_check action=maybe_recompile pc=0x0000000004e7b268 method=sun.nio.fs.WindowsPath.equals(Ljava/lang/Object;)Z @ 13
Event: 47.959 Thread 0x0000000019685000 Uncommon trap: reason=class_check action=maybe_recompile pc=0x0000000004e7b268 method=sun.nio.fs.WindowsPath.equals(Ljava/lang/Object;)Z @ 13
Event: 47.960 Thread 0x0000000019685000 Uncommon trap: reason=class_check action=maybe_recompile pc=0x0000000004e7b268 method=sun.nio.fs.WindowsPath.equals(Ljava/lang/Object;)Z @ 13
Event: 47.960 Thread 0x0000000019685000 Uncommon trap: reason=class_check action=maybe_recompile pc=0x0000000004e7b268 method=sun.nio.fs.WindowsPath.equals(Ljava/lang/Object;)Z @ 13
Event: 48.044 Thread 0x0000000019685000 Uncommon trap: reason=array_check action=maybe_recompile pc=0x0000000004e36c98 method=java.util.TimSort.binarySort([Ljava/lang/Object;IIILjava/util/Comparator;)V @ 183
Event: 48.044 Thread 0x0000000019685000 Uncommon trap: reason=array_check action=maybe_recompile pc=0x0000000004e36c98 method=java.util.TimSort.binarySort([Ljava/lang/Object;IIILjava/util/Comparator;)V @ 183
Event: 48.669 Thread 0x0000000019685000 Uncommon trap: reason=unstable_if action=reinterpret pc=0x000000000366cba8 method=com.sun.org.apache.xerces.internal.dom.CharacterDataImpl.getNodeValue()Ljava/lang/String; @ 4
Event: 49.629 Thread 0x0000000019685000 Uncommon trap: reason=null_check action=make_not_entrant pc=0x000000000418e4dc method=com.sun.org.apache.xerces.internal.dom.NamedNodeMapImpl.findNamePoint(Ljava/lang/String;Ljava/lang/String;)I @ 76
Event: 50.314 Thread 0x0000000019685000 Uncommon trap: reason=class_check action=maybe_recompile pc=0x0000000003607c8c method=com.sun.org.apache.xerces.internal.dom.AttrImpl.getOwnerElement()Lorg/w3c/dom/Element; @ 18
Event: 50.314 Thread 0x0000000019685000 Uncommon trap: reason=class_check action=maybe_recompile pc=0x0000000003607c8c method=com.sun.org.apache.xerces.internal.dom.AttrImpl.getOwnerElement()Lorg/w3c/dom/Element; @ 18

Internal exceptions (10 events):
Event: 46.675 Thread 0x0000000019685000 Exception <a 'java/lang/ClassNotFoundException': org/gradle/api/internal/artifacts/DefaultResolvedArtifactCustomizer> (0x00000000e4b3a550) thrown at [C:\re\workspace\8-2-build-windows-amd64-cygwin\jdk8u45\3627\hotspot\src\share\vm\classfile\systemDictionarÜ†f*ÆWG@
Event: 46.686 Thread 0x0000000019685000 Exception <a 'java/lang/ClassNotFoundException': com/android/build/gradle/internal/dsl/AaptOptions_DecoratedBeanInfo> (0x00000000e4bb4a70) thrown at [C:\re\workspace\8-2-build-windows-amd64-cygwin\jdk8u45\3627\hotspot\src\share\vm\classfile\systemDictionarô#DüÕWG@
Event: 46.686 Thread 0x0000000019685000 Exception <a 'java/lang/ClassNotFoundException': com/android/build/gradle/internal/dsl/AaptOptionsBeanInfo> (0x00000000e4bc5fa8) thrown at [C:\re\workspace\8-2-build-windows-amd64-cygwin\jdk8u45\3627\hotspot\src\share\vm\classfile\systemDictionary.cpp, lin
Event: 46.687 Thread 0x0000000019685000 Exception <a 'java/lang/ClassNotFoundException': com/android/build/gradle/internal/dsl/AaptOptionsCustomizer> (0x00000000e4bd7ee0) thrown at [C:\re\workspace\8-2-build-windows-amd64-cygwin\jdk8u45\3627\hotspot\src\share\vm\classfile\systemDictionary.cpp, l¹|¤Í	XG@
Event: 46.688 Thread 0x0000000019685000 Exception <a 'java/lang/ClassNotFoundException': com/android/build/gradle/internal/dsl/AaptOptions_DecoratedCustomizer> (0x00000000e4c0baa8) thrown at [C:\re\workspace\8-2-build-windows-amd64-cygwin\jdk8u45\3627\hotspot\src\share\vm\classfile\systemDictions¥ý¼ÚYG@
Event: 46.702 Thread 0x0000000019685000 Exception <a 'java/lang/ClassNotFoundException': org/gradle/api/internal/plugins/DefaultPluginContainerBeanInfo> (0x00000000e4cd9d98) thrown at [C:\re\workspace\8-2-build-windows-amd64-cygwin\jdk8u45\3627\hotspot\src\share\vm\classfile\systemDictionary.cppTÕbàèYG@
Event: 46.702 Thread 0x0000000019685000 Exception <a 'java/lang/ClassNotFoundException': org/gradle/api/internal/plugins/DefaultPluginCollectionBeanInfo> (0x00000000e4ce9f68) thrown at [C:\re\workspace\8-2-build-windows-amd64-cygwin\jdk8u45\3627\hotspot\src\share\vm\classfile\systemDictionary.cp¯¨H÷YG@
Event: 46.703 Thread 0x0000000019685000 Exception <a 'java/lang/ClassNotFoundException': org/gradle/api/internal/plugins/DefaultPluginCollectionCustomizer> (0x00000000e4cfa4c8) thrown at [C:\re\workspace\8-2-build-windows-amd64-cygwin\jdk8u45\3627\hotspot\src\share\vm\classfile\systemDictionary.dÏÕú9ZG@
Event: 46.705 Thread 0x0000000019685000 Exception <a 'java/lang/ClassNotFoundException': org/gradle/api/internal/plugins/DefaultPluginContainerCustomizer> (0x00000000e4d21c10) thrown at [C:\re\workspace\8-2-build-windows-amd64-cygwin\jdk8u45\3627\hotspot\src\share\vm\classfile\systemDictionary.cwE{A{ÐH@
Event: 49.629 Thread 0x0000000019685000 Implicit null exception at 0x000000000418d8ab to 0x000000000418e4b9

Events (10 events):
Event: 50.081 Thread 0x0000000017f49000 flushing nmethod 0x0000000003c0b650
Event: 50.091 Thread 0x000000001694a800 flushing nmethod 0x0000000003e4a4d0
Event: 50.091 Thread 0x000000001694a800 flushing nmethod 0x0000000003e52310
Event: 50.118 Thread 0x0000000017f49000 flushing nmethod 0x00000000043720d0
Event: 50.314 Thread 0x0000000019685000 Uncommon trap: trap_request=0xffffffde fr.pc=0x0000000003607c8c
Event: 50.314 Thread 0x0000000019685000 DEOPT PACKING pc=0x0000000003607c8c sp=0x000000001a7fc780
Event: 50.314 Thread 0x0000000019685000 DEOPT UNPACKING pc=0x0000000002fc582a sp=0x000000001a7fc6c0 mode 2
Event: 50.314 Thread 0x0000000019685000 Uncommon trap: trap_request=0xffffffde fr.pc=0x0000000003607c8c
Event: 50.314 Thread 0x0000000019685000 DEOPT PACKING pc=0x0000000003607c8c sp=0x000000001a7fc6e0
Event: 50.314 Thread 0x0000000019685000 DEOPT UNPACKING pc=0x0000000002fc582a sp=0x000000001a7fc620 mode 2


Dynamic libraries:
0x00007ff7ee490000 - 0x00007ff7ee4c7000 	C:\Program Files\Java\jdk1.8.0_45\bin\java.exe
0x00007ff828930000 - 0x00007ff828b01000 	C:\WINDOWS\SYSTEM32\ntdll.dll
0x00007ff827b10000 - 0x00007ff827bbb000 	C:\WINDOWS\System32\KERNEL32.DLL
0x00007ff824e00000 - 0x00007ff82501d000 	C:\WINDOWS\System32\KERNELBASE.dll
0x00007ff827a00000 - 0x00007ff827aa2000 	C:\WINDOWS\System32\ADVAPI32.dll
0x00007ff825ea0000 - 0x00007ff825f3e000 	C:\WINDOWS\System32\msvcrt.dll
0x00007ff827ab0000 - 0x00007ff827b09000 	C:\WINDOWS\System32\sechost.dll
0x00007ff826040000 - 0x00007ff826161000 	C:\WINDOWS\System32\RPCRT4.dll
0x00007ff828340000 - 0x00007ff8284a5000 	C:\WINDOWS\System32\USER32.dll
0x00007ff825e80000 - 0x00007ff825e9e000 	C:\WINDOWS\System32\win32u.dll
0x00007ff8279c0000 - 0x00007ff8279f4000 	C:\WINDOWS\System32\GDI32.dll
0x00007ff825cf0000 - 0x00007ff825e72000 	C:\WINDOWS\System32\gdi32full.dll
0x00007ff818fd0000 - 0x00007ff819249000 	C:\WINDOWS\WinSxS\amd64_microsoft.windows.common-controls_6595b64144ccf1df_6.0.14393.447_none_42191651c6827bb3\COMCTL32.dll
0x00007ff828630000 - 0x00007ff8288f8000 	C:\WINDOWS\System32\combase.dll
0x00007ff825980000 - 0x00007ff825a75000 	C:\WINDOWS\System32\ucrtbase.dll
0x00007ff825a80000 - 0x00007ff825aea000 	C:\WINDOWS\System32\bcryptPrimitives.dll
0x00007ff827c30000 - 0x00007ff827c5e000 	C:\WINDOWS\System32\IMM32.DLL
0x000000005e4e0000 - 0x000000005e5b2000 	C:\Program Files\Java\jdk1.8.0_45\jre\bin\msvcr100.dll
0x000000005dc50000 - 0x000000005e4d3000 	C:\Program Files\Java\jdk1.8.0_45\jre\bin\server\jvm.dll
0x00007ff827ea0000 - 0x00007ff827ea8000 	C:\WINDOWS\System32\PSAPI.DLL
0x00007ff81d5f0000 - 0x00007ff81d5f9000 	C:\WINDOWS\SYSTEM32\WSOCK32.dll
0x00007ff8233b0000 - 0x00007ff8233ba000 	C:\WINDOWS\SYSTEM32\VERSION.dll
0x00007ff823420000 - 0x00007ff823443000 	C:\WINDOWS\SYSTEM32\WINMM.dll
0x0000000000d50000 - 0x0000000000d7b000 	C:\WINDOWS\SYSTEM32\WINMMBASE.dll
0x00007ff827bc0000 - 0x00007ff827c2a000 	C:\WINDOWS\System32\WS2_32.dll
0x00007ff825af0000 - 0x00007ff825b32000 	C:\WINDOWS\System32\cfgmgr32.dll
0x000000005dc40000 - 0x000000005dc4f000 	C:\Program Files\Java\jdk1.8.0_45\jre\bin\verify.dll
0x000000005dc10000 - 0x000000005dc39000 	C:\Program Files\Java\jdk1.8.0_45\jre\bin\java.dll
0x000000005dbf0000 - 0x000000005dc06000 	C:\Program Files\Java\jdk1.8.0_45\jre\bin\zip.dll
0x00007ff826480000 - 0x00007ff827989000 	C:\WINDOWS\System32\SHELL32.dll
0x00007ff825020000 - 0x00007ff8256fa000 	C:\WINDOWS\System32\windows.storage.dll
0x00007ff824db0000 - 0x00007ff824dfc000 	C:\WINDOWS\System32\powrprof.dll
0x00007ff8285d0000 - 0x00007ff828622000 	C:\WINDOWS\System32\shlwapi.dll
0x00007ff824d70000 - 0x00007ff824d7f000 	C:\WINDOWS\System32\kernel.appcore.dll
0x00007ff8258d0000 - 0x00007ff825979000 	C:\WINDOWS\System32\shcore.dll
0x00007ff824d80000 - 0x00007ff824d94000 	C:\WINDOWS\System32\profapi.dll
0x000000005dbd0000 - 0x000000005dbea000 	C:\Program Files\Java\jdk1.8.0_45\jre\bin\net.dll
0x00007ff824670000 - 0x00007ff8246cc000 	C:\WINDOWS\system32\mswsock.dll
0x000000005dbb0000 - 0x000000005dbc1000 	C:\Program Files\Java\jdk1.8.0_45\jre\bin\nio.dll
0x00007ff8228a0000 - 0x00007ff8228b2000 	C:\Users\lishoulin\.gradle\native\19\windows-amd64\native-platform.dll
0x00007ff824810000 - 0x00007ff824827000 	C:\WINDOWS\SYSTEM32\CRYPTSP.dll
0x00007ff824280000 - 0x00007ff8242b3000 	C:\WINDOWS\system32\rsaenh.dll
0x00007ff824920000 - 0x00007ff82494b000 	C:\WINDOWS\SYSTEM32\bcrypt.dll
0x00007ff824440000 - 0x00007ff82445f000 	C:\WINDOWS\SYSTEM32\USERENV.dll
0x00007ff824830000 - 0x00007ff82483b000 	C:\WINDOWS\SYSTEM32\CRYPTBASE.dll
0x00007ff824400000 - 0x00007ff824438000 	C:\WINDOWS\SYSTEM32\IPHLPAPI.DLL
0x00007ff828900000 - 0x00007ff828908000 	C:\WINDOWS\System32\NSI.dll
0x00007ff81d5d0000 - 0x00007ff81d5e6000 	C:\WINDOWS\SYSTEM32\dhcpcsvc6.DLL
0x00007ff81d950000 - 0x00007ff81d96a000 	C:\WINDOWS\SYSTEM32\dhcpcsvc.DLL
0x000000005dba0000 - 0x000000005dbad000 	C:\Program Files\Java\jdk1.8.0_45\jre\bin\management.dll
0x00007ff816540000 - 0x00007ff8166d2000 	C:\WINDOWS\SYSTEM32\dbghelp.dll

VM Arguments:
jvm_args: -Xmx1536m -Dfile.encoding=GBK -Duser.country=CN -Duser.language=zh -Duser.variant 
java_command: org.gradle.launcher.daemon.bootstrap.GradleDaemon 2.14.1
java_class_path (initial): C:\Users\lishoulin\.gradle\wrapper\dists\gradle-2.14.1-all\8bnwg5hd3w55iofp58khbp6yv\gradle-2.14.1\lib\gradle-launcher-2.14.1.jar
Launcher Type: SUN_STANDARD

Environment Variables:
JAVA_HOME=C:\Program Files\Java\jdk1.8.0_45
CLASSPATH=F:\AndroidStudioProjects\SmallCortoon\\gradle\wrapper\gradle-wrapper.jar
PATH=C:\ProgramData\Oracle\Java\javapath;C:\Program Files (x86)\AMD APP\bin\x86_64;C:\Program Files (x86)\AMD APP\bin\x86;C:\WINDOWS\system32;C:\WINDOWS;C:\WINDOWS\System32\Wbem;C:\WINDOWS\System32\WindowsPowerShell\v1.0\;C:\Program Files (x86)\ATI Technologies\ATI.ACE\Core-Static;D:\Program Files\Git\cmd;D:\Program Files\Python\Python36\Scripts\;D:\Program Files\Python\Python36\;C:\Program Files\Java\jdk1.8.0_45\bin;C:\Program Files\Java\jdk1.8.0_45\jre\bin;D:\sdk\tools;D:\sdk\platform-tools;D:\Program Files\apache-maven-3.3.9\bin;D:\Program Files\Git\bin;C:\Users\lishoulin\AppData\Local\Microsoft\WindowsApps
USERNAME=lishoulin
OS=Windows_NT
PROCESSOR_IDENTIFIER=Intel64 Family 6 Model 42 Stepping 7, GenuineIntel



---------------  S Y S T E M  ---------------

OS: Windows 10.0 , 64 bit Build 14393 (10.0.14393.0)

CPU:total 4 (2 cores per cpu, 2 threads per core) family 6 model 42 stepping 7, cmov, cx8, fxsr, mmx, sse, sse2, sse3, ssse3, sse4.1, sse4.2, popcnt, avx, aes, clmul, ht, tsc, tscinvbit

Memory: 4k page, physical 8331116k(655344k free), swap 8331116k(9808k free)

vm_info: Java HotSpot(TM) 64-Bit Server VM (25.45-b02) for windows-amd64 JRE (1.8.0_45-b15), built on Apr 30 2015 12:40:44 by "java_re" with MS VC++ 10.0 (VS2010)

time: Fri Mar 03 00:16:37 2017
elapsed time: 51 seconds (0d 0h 0m 51s)

